2025-05-16 13:58:43 [@c3f80c9d1723]
Interno #1: Executar contract
2025-05-16 14:09:19 [2@c3f80c9d1723]
Interno #1: Executar infocom
2025-05-16 14:19:26 [2@c3f80c9d1723]
Interno #1: Executar mailgate
2025-05-16 14:24:28 [2@c3f80c9d1723]
Interno #1: Executar session
2025-05-16 14:30:41 [2@c3f80c9d1723]
Interno #1: Executar graph
2025-05-16 14:34:50 [@c3f80c9d1723]
Interno #1: Executar reservation
2025-05-16 14:34:55 [@c3f80c9d1723]
Interno #1: Executar closeticket
2025-05-16 14:35:22 [@c3f80c9d1723]
Interno #1: Executar alertnotclosed
2025-05-16 14:35:25 [@c3f80c9d1723]
Interno #1: Executar slaticket
2025-05-16 14:37:26 [@c3f80c9d1723]
Interno #1: Executar createinquest
2025-05-16 14:40:26 [@c3f80c9d1723]
Interno #1: Executar watcher
2025-05-16 14:40:29 [@c3f80c9d1723]
Interno #1: Executar RecurrentItems
2025-05-16 14:47:52 [7@c3f80c9d1723]
Interno #1: Executar planningrecall
2025-05-16 14:52:48 [@c3f80c9d1723]
Interno #1: Executar queuednotification
2025-05-16 14:52:51 [@c3f80c9d1723]
Interno #1: Executar queuednotificationclean
2025-05-16 14:52:54 [@c3f80c9d1723]
Interno #1: Executar temp
2025-05-16 14:57:06 [@3aa3af0b693d]
Interno #1: Executar mailgateerror
2025-05-16 14:57:34 [@01f36f9348e3]
Interno #1: Executar certificate
2025-05-16 14:57:36 [@01f36f9348e3]
Interno #1: Executar olaticket
2025-05-16 15:00:21 [@01f36f9348e3]
Interno #1: Executar mailgate
2025-05-16 15:03:17 [@01f36f9348e3]
Interno #1: Executar slaticket
2025-05-16 15:03:21 [@01f36f9348e3]
Interno #1: Executar planningrecall
2025-05-16 15:03:38 [@01f36f9348e3]
Interno #1: Executar queuednotification
2025-05-16 15:04:07 [@01f36f9348e3]
Interno #1: Executar olaticket
2025-05-16 15:04:14 [@01f36f9348e3]
Interno #1: Executar queuednotification
2025-05-16 15:04:22 [@01f36f9348e3]
Interno #1: Nada a ser executado
2025-05-16 15:04:33 [@01f36f9348e3]
Interno #1: Nada a ser executado
2025-05-16 15:08:59 [@01f36f9348e3]
Interno #1: Executar queuednotification
2025-05-16 15:14:58 [7@01f36f9348e3]
Interno #1: Executar slaticket
2025-05-16 15:15:23 [@01f36f9348e3]
Interno #1: Executar planningrecall
2025-05-16 15:31:34 [7@01f36f9348e3]
Interno #1: Executar queuednotification
2025-05-16 15:31:43 [@01f36f9348e3]
Interno #1: Executar olaticket
2025-05-16 15:32:45 [@01f36f9348e3]
Interno #1: Executar mailgate
